\BOOKMARK [0][-]{chapter*.1}{\376\377\000A\000b\000s\000t\000r\000a\000c\000t}{}% 1
\BOOKMARK [0][-]{chapter*.3}{\376\377\000L\000i\000s\000t\000\040\000o\000f\000\040\000F\000i\000g\000u\000r\000e\000s}{}% 2
\BOOKMARK [0][-]{chapter*.4}{\376\377\000L\000i\000s\000t\000\040\000o\000f\000\040\000T\000a\000b\000l\000e\000s}{}% 3
\BOOKMARK [0][-]{chapter.1}{\376\377\000I\000n\000t\000r\000o\000d\000u\000c\000t\000i\000o\000n}{}% 4
\BOOKMARK [1][-]{section.1.1}{\376\377\000B\000a\000c\000k\000g\000r\000o\000u\000n\000d\000\040\000a\000n\000d\000\040\000M\000o\000t\000i\000v\000a\000t\000i\000o\000n}{chapter.1}% 5
\BOOKMARK [1][-]{section.1.2}{\376\377\000R\000e\000s\000e\000a\000r\000c\000h\000\040\000O\000b\000j\000e\000c\000t\000i\000v\000e\000s}{chapter.1}% 6
\BOOKMARK [1][-]{section.1.3}{\376\377\000P\000r\000o\000b\000l\000e\000m\000\040\000S\000t\000a\000t\000e\000m\000e\000n\000t}{chapter.1}% 7
\BOOKMARK [1][-]{section.1.4}{\376\377\000L\000i\000t\000e\000r\000a\000t\000u\000r\000e\000\040\000R\000e\000v\000i\000e\000w}{chapter.1}% 8
\BOOKMARK [2][-]{subsection.1.4.1}{\376\377\000S\000e\000n\000t\000i\000m\000e\000n\000t\000\040\000A\000n\000a\000l\000y\000s\000i\000s\000\040\000i\000n\000\040\000F\000i\000n\000a\000n\000c\000e}{section.1.4}% 9
\BOOKMARK [2][-]{subsection.1.4.2}{\376\377\000T\000r\000a\000d\000i\000t\000i\000o\000n\000a\000l\000\040\000T\000i\000m\000e\000\040\000S\000e\000r\000i\000e\000s\000\040\000M\000o\000d\000e\000l\000s}{section.1.4}% 10
\BOOKMARK [2][-]{subsection.1.4.3}{\376\377\000D\000e\000e\000p\000\040\000L\000e\000a\000r\000n\000i\000n\000g\000\040\000f\000o\000r\000\040\000T\000i\000m\000e\000\040\000S\000e\000r\000i\000e\000s}{section.1.4}% 11
\BOOKMARK [2][-]{subsection.1.4.4}{\376\377\000E\000n\000s\000e\000m\000b\000l\000e\000\040\000M\000e\000t\000h\000o\000d\000s}{section.1.4}% 12
\BOOKMARK [1][-]{section.1.5}{\376\377\000C\000o\000n\000t\000r\000i\000b\000u\000t\000i\000o\000n\000\040\000S\000u\000m\000m\000a\000r\000y}{chapter.1}% 13
\BOOKMARK [1][-]{section.1.6}{\376\377\000R\000e\000p\000o\000r\000t\000\040\000O\000r\000g\000a\000n\000i\000z\000a\000t\000i\000o\000n}{chapter.1}% 14
\BOOKMARK [0][-]{chapter.2}{\376\377\000D\000a\000t\000a\000\040\000C\000o\000l\000l\000e\000c\000t\000i\000o\000n\000\040\000a\000n\000d\000\040\000P\000r\000e\000p\000r\000o\000c\000e\000s\000s\000i\000n\000g}{}% 15
\BOOKMARK [1][-]{section.2.1}{\376\377\000O\000v\000e\000r\000v\000i\000e\000w}{chapter.2}% 16
\BOOKMARK [1][-]{section.2.2}{\376\377\000S\000t\000o\000c\000k\000\040\000P\000r\000i\000c\000e\000\040\000D\000a\000t\000a}{chapter.2}% 17
\BOOKMARK [2][-]{subsection.2.2.1}{\376\377\000D\000a\000t\000a\000\040\000S\000o\000u\000r\000c\000e\000:\000\040\000Y\000a\000h\000o\000o\000\040\000F\000i\000n\000a\000n\000c\000e}{section.2.2}% 18
\BOOKMARK [2][-]{subsection.2.2.2}{\376\377\000D\000a\000t\000a\000\040\000C\000h\000a\000r\000a\000c\000t\000e\000r\000i\000s\000t\000i\000c\000s}{section.2.2}% 19
\BOOKMARK [2][-]{subsection.2.2.3}{\376\377\000P\000r\000i\000c\000e\000\040\000D\000i\000s\000t\000r\000i\000b\000u\000t\000i\000o\000n\000\040\000A\000n\000a\000l\000y\000s\000i\000s}{section.2.2}% 20
\BOOKMARK [2][-]{subsection.2.2.4}{\376\377\000T\000i\000m\000e\000\040\000S\000e\000r\000i\000e\000s\000\040\000D\000i\000a\000g\000n\000o\000s\000t\000i\000c\000s}{section.2.2}% 21
\BOOKMARK [1][-]{section.2.3}{\376\377\000F\000i\000n\000a\000n\000c\000i\000a\000l\000\040\000N\000e\000w\000s\000\040\000D\000a\000t\000a}{chapter.2}% 22
\BOOKMARK [2][-]{subsection.2.3.1}{\376\377\000H\000u\000g\000g\000i\000n\000g\000F\000a\000c\000e\000\040\000D\000a\000t\000a\000s\000e\000t}{section.2.3}% 23
\BOOKMARK [2][-]{subsection.2.3.2}{\376\377\000C\000S\000V\000\040\000H\000i\000s\000t\000o\000r\000i\000c\000a\000l\000\040\000A\000r\000c\000h\000i\000v\000e}{section.2.3}% 24
\BOOKMARK [2][-]{subsection.2.3.3}{\376\377\000D\000a\000t\000a\000\040\000M\000e\000r\000g\000i\000n\000g\000\040\000S\000t\000r\000a\000t\000e\000g\000y}{section.2.3}% 25
\BOOKMARK [1][-]{section.2.4}{\376\377\000S\000e\000n\000t\000i\000m\000e\000n\000t\000\040\000C\000o\000m\000p\000u\000t\000a\000t\000i\000o\000n}{chapter.2}% 26
\BOOKMARK [2][-]{subsection.2.4.1}{\376\377\000S\000e\000n\000t\000i\000m\000e\000n\000t\000\040\000A\000n\000a\000l\000y\000s\000i\000s\000\040\000M\000e\000t\000h\000o\000d\000s}{section.2.4}% 27
\BOOKMARK [2][-]{subsection.2.4.2}{\376\377\000R\000o\000l\000l\000i\000n\000g\000\040\000M\000e\000a\000n\000\040\000A\000g\000g\000r\000e\000g\000a\000t\000i\000o\000n}{section.2.4}% 28
\BOOKMARK [1][-]{section.2.5}{\376\377\000D\000a\000t\000a\000\040\000Q\000u\000a\000l\000i\000t\000y\000\040\000a\000n\000d\000\040\000C\000o\000v\000e\000r\000a\000g\000e}{chapter.2}% 29
\BOOKMARK [2][-]{subsection.2.5.1}{\376\377\000S\000e\000n\000t\000i\000m\000e\000n\000t\000\040\000C\000o\000v\000e\000r\000a\000g\000e\000\040\000A\000n\000a\000l\000y\000s\000i\000s}{section.2.5}% 30
\BOOKMARK [2][-]{subsection.2.5.2}{\376\377\000M\000i\000s\000s\000i\000n\000g\000\040\000D\000a\000t\000a\000\040\000H\000a\000n\000d\000l\000i\000n\000g}{section.2.5}% 31
\BOOKMARK [1][-]{section.2.6}{\376\377\000D\000a\000t\000a\000s\000e\000t\000\040\000S\000p\000l\000i\000t\000t\000i\000n\000g\000\040\000S\000t\000r\000a\000t\000e\000g\000y}{chapter.2}% 32
\BOOKMARK [1][-]{section.2.7}{\376\377\000K\000e\000y\000\040\000I\000m\000p\000l\000e\000m\000e\000n\000t\000a\000t\000i\000o\000n\000\040\000F\000i\000l\000e\000s}{chapter.2}% 33
\BOOKMARK [0][-]{chapter.3}{\376\377\000F\000e\000a\000t\000u\000r\000e\000\040\000E\000n\000g\000i\000n\000e\000e\000r\000i\000n\000g}{}% 34
\BOOKMARK [1][-]{section.3.1}{\376\377\000O\000v\000e\000r\000v\000i\000e\000w}{chapter.3}% 35
\BOOKMARK [1][-]{section.3.2}{\376\377\000S\000e\000n\000t\000i\000m\000e\000n\000t\000\040\000F\000e\000a\000t\000u\000r\000e\000s\000\040\000\050\0002\0000\000\040\000F\000e\000a\000t\000u\000r\000e\000s\000\051}{chapter.3}% 36
\BOOKMARK [2][-]{subsection.3.2.1}{\376\377\000B\000a\000s\000e\000\040\000S\000e\000n\000t\000i\000m\000e\000n\000t\000\040\000S\000c\000o\000r\000e\000s}{section.3.2}% 37
\BOOKMARK [2][-]{subsection.3.2.2}{\376\377\000R\000o\000l\000l\000i\000n\000g\000\040\000M\000e\000a\000n\000\040\000F\000e\000a\000t\000u\000r\000e\000s}{section.3.2}% 38
\BOOKMARK [2][-]{subsection.3.2.3}{\376\377\000F\000e\000a\000t\000u\000r\000e\000\040\000L\000i\000s\000t}{section.3.2}% 39
\BOOKMARK [1][-]{section.3.3}{\376\377\000T\000e\000x\000t\000\040\000F\000e\000a\000t\000u\000r\000e\000s\000\040\000\050\0008\000\040\000F\000e\000a\000t\000u\000r\000e\000s\000\051}{chapter.3}% 40
\BOOKMARK [2][-]{subsection.3.3.1}{\376\377\000L\000D\000A\000\040\000T\000o\000p\000i\000c\000\040\000M\000o\000d\000e\000l\000i\000n\000g}{section.3.3}% 41
\BOOKMARK [2][-]{subsection.3.3.2}{\376\377\000A\000d\000j\000e\000c\000t\000i\000v\000e\000\040\000F\000e\000a\000t\000u\000r\000e\000s}{section.3.3}% 42
\BOOKMARK [1][-]{section.3.4}{\376\377\000M\000a\000r\000k\000e\000t\000\040\000C\000o\000n\000t\000e\000x\000t\000\040\000F\000e\000a\000t\000u\000r\000e\000s\000\040\000\050\0002\0007\000\040\000F\000e\000a\000t\000u\000r\000e\000s\000\051}{chapter.3}% 43
\BOOKMARK [2][-]{subsection.3.4.1}{\376\377\000R\000e\000l\000a\000t\000e\000d\000\040\000S\000t\000o\000c\000k\000\040\000F\000e\000a\000t\000u\000r\000e\000s}{section.3.4}% 44
\BOOKMARK [2][-]{subsection.3.4.2}{\376\377\000F\000e\000a\000t\000u\000r\000e\000\040\000T\000y\000p\000e\000s}{section.3.4}% 45
\BOOKMARK [1][-]{section.3.5}{\376\377\000P\000r\000i\000c\000e\000\040\000R\000o\000l\000l\000i\000n\000g\000\040\000F\000e\000a\000t\000u\000r\000e\000s\000\040\000\050\0008\000\040\000F\000e\000a\000t\000u\000r\000e\000s\000\051}{chapter.3}% 46
\BOOKMARK [1][-]{section.3.6}{\376\377\000T\000h\000e\000\040\0001\0006\000t\000h\000\040\000F\000e\000a\000t\000u\000r\000e\000:\000\040\000H\000y\000b\000r\000i\000d\000\040\000S\000t\000r\000a\000t\000e\000g\000y}{chapter.3}% 47
\BOOKMARK [2][-]{subsection.3.6.1}{\376\377\000M\000o\000t\000i\000v\000a\000t\000i\000o\000n}{section.3.6}% 48
\BOOKMARK [2][-]{subsection.3.6.2}{\376\377\000H\000y\000b\000r\000i\000d\000\040\000A\000p\000p\000r\000o\000a\000c\000h}{section.3.6}% 49
\BOOKMARK [2][-]{subsection.3.6.3}{\376\377\000T\000h\000e\000o\000r\000e\000t\000i\000c\000a\000l\000\040\000J\000u\000s\000t\000i\000f\000i\000c\000a\000t\000i\000o\000n}{section.3.6}% 50
\BOOKMARK [2][-]{subsection.3.6.4}{\376\377\000I\000m\000p\000a\000c\000t\000\040\000o\000n\000\040\000M\000o\000d\000e\000l\000\040\000P\000e\000r\000f\000o\000r\000m\000a\000n\000c\000e}{section.3.6}% 51
\BOOKMARK [1][-]{section.3.7}{\376\377\000F\000e\000a\000t\000u\000r\000e\000\040\000C\000o\000r\000r\000e\000l\000a\000t\000i\000o\000n\000\040\000A\000n\000a\000l\000y\000s\000i\000s}{chapter.3}% 52
\BOOKMARK [1][-]{section.3.8}{\376\377\000F\000e\000a\000t\000u\000r\000e\000\040\000S\000c\000a\000l\000i\000n\000g}{chapter.3}% 53
\BOOKMARK [1][-]{section.3.9}{\376\377\000I\000m\000p\000l\000e\000m\000e\000n\000t\000a\000t\000i\000o\000n\000\040\000F\000i\000l\000e\000s}{chapter.3}% 54
\BOOKMARK [0][-]{chapter.4}{\376\377\000F\000o\000u\000n\000d\000a\000t\000i\000o\000n\000a\000l\000\040\000M\000o\000d\000e\000l\000s}{}% 55
\BOOKMARK [1][-]{section.4.1}{\376\377\000O\000v\000e\000r\000v\000i\000e\000w}{chapter.4}% 56
\BOOKMARK [1][-]{section.4.2}{\376\377\000S\000A\000R\000I\000M\000A\000X\000\040\000M\000o\000d\000e\000l}{chapter.4}% 57
\BOOKMARK [2][-]{subsection.4.2.1}{\376\377\000M\000a\000t\000h\000e\000m\000a\000t\000i\000c\000a\000l\000\040\000F\000o\000r\000m\000u\000l\000a\000t\000i\000o\000n}{section.4.2}% 58
\BOOKMARK [2][-]{subsection.4.2.2}{\376\377\000M\000o\000d\000e\000l\000\040\000C\000o\000n\000f\000i\000g\000u\000r\000a\000t\000i\000o\000n}{section.4.2}% 59
\BOOKMARK [2][-]{subsection.4.2.3}{\376\377\000W\000a\000l\000k\000-\000F\000o\000r\000w\000a\000r\000d\000\040\000V\000a\000l\000i\000d\000a\000t\000i\000o\000n}{section.4.2}% 60
\BOOKMARK [2][-]{subsection.4.2.4}{\376\377\000E\000x\000o\000g\000e\000n\000o\000u\000s\000\040\000V\000a\000r\000i\000a\000b\000l\000e\000\040\000S\000e\000l\000e\000c\000t\000i\000o\000n}{section.4.2}% 61
\BOOKMARK [2][-]{subsection.4.2.5}{\376\377\000P\000e\000r\000f\000o\000r\000m\000a\000n\000c\000e\000\040\000a\000n\000d\000\040\000D\000i\000a\000g\000n\000o\000s\000t\000i\000c\000s}{section.4.2}% 62
\BOOKMARK [1][-]{section.4.3}{\376\377\000T\000e\000m\000p\000o\000r\000a\000l\000\040\000C\000o\000n\000v\000o\000l\000u\000t\000i\000o\000n\000a\000l\000\040\000N\000e\000t\000w\000o\000r\000k\000\040\000\050\000T\000C\000N\000\051}{chapter.4}% 63
\BOOKMARK [2][-]{subsection.4.3.1}{\376\377\000A\000r\000c\000h\000i\000t\000e\000c\000t\000u\000r\000e\000\040\000O\000v\000e\000r\000v\000i\000e\000w}{section.4.3}% 64
\BOOKMARK [2][-]{subsection.4.3.2}{\376\377\000R\000e\000c\000e\000p\000t\000i\000v\000e\000\040\000F\000i\000e\000l\000d}{section.4.3}% 65
\BOOKMARK [2][-]{subsection.4.3.3}{\376\377\000N\000e\000t\000w\000o\000r\000k\000\040\000A\000r\000c\000h\000i\000t\000e\000c\000t\000u\000r\000e}{section.4.3}% 66
\BOOKMARK [2][-]{subsection.4.3.4}{\376\377\000T\000r\000a\000i\000n\000i\000n\000g\000\040\000C\000o\000n\000f\000i\000g\000u\000r\000a\000t\000i\000o\000n}{section.4.3}% 67
\BOOKMARK [2][-]{subsection.4.3.5}{\376\377\000T\000C\000N\000\040\000D\000i\000a\000g\000n\000o\000s\000t\000i\000c\000s}{section.4.3}% 68
\BOOKMARK [2][-]{subsection.4.3.6}{\376\377\000P\000a\000r\000a\000m\000e\000t\000e\000r\000\040\000C\000o\000u\000n\000t}{section.4.3}% 69
\BOOKMARK [1][-]{section.4.4}{\376\377\000s\000k\000l\000e\000a\000r\000n\000\040\000L\000i\000n\000e\000a\000r\000\040\000R\000e\000g\000r\000e\000s\000s\000i\000o\000n}{chapter.4}% 70
\BOOKMARK [2][-]{subsection.4.4.1}{\376\377\000M\000a\000t\000h\000e\000m\000a\000t\000i\000c\000a\000l\000\040\000F\000o\000r\000m\000u\000l\000a\000t\000i\000o\000n}{section.4.4}% 71
\BOOKMARK [2][-]{subsection.4.4.2}{\376\377\000W\000h\000y\000\040\000L\000i\000n\000e\000a\000r\000\040\000R\000e\000g\000r\000e\000s\000s\000i\000o\000n\000\040\000W\000o\000r\000k\000s\000\040\000S\000o\000\040\000W\000e\000l\000l}{section.4.4}% 72
\BOOKMARK [2][-]{subsection.4.4.3}{\376\377\000I\000m\000p\000l\000e\000m\000e\000n\000t\000a\000t\000i\000o\000n}{section.4.4}% 73
\BOOKMARK [2][-]{subsection.4.4.4}{\376\377\000D\000i\000a\000g\000n\000o\000s\000t\000i\000c\000\040\000A\000n\000a\000l\000y\000s\000i\000s}{section.4.4}% 74
\BOOKMARK [1][-]{section.4.5}{\376\377\000W\000h\000y\000\040\000T\000h\000e\000s\000e\000\040\000M\000o\000d\000e\000l\000s\000\040\000a\000r\000e\000\040\000F\000o\000u\000n\000d\000a\000t\000i\000o\000n\000a\000l}{chapter.4}% 75
\BOOKMARK [2][-]{subsection.4.5.1}{\376\377\000T\000r\000a\000n\000s\000f\000e\000r\000\040\000L\000e\000a\000r\000n\000i\000n\000g\000\040\000P\000e\000r\000s\000p\000e\000c\000t\000i\000v\000e}{section.4.5}% 76
\BOOKMARK [2][-]{subsection.4.5.2}{\376\377\000R\000o\000b\000u\000s\000t\000n\000e\000s\000s\000\040\000t\000o\000\040\000N\000o\000n\000-\000S\000t\000a\000t\000i\000o\000n\000a\000r\000i\000t\000y}{section.4.5}% 77
\BOOKMARK [1][-]{section.4.6}{\376\377\000S\000u\000m\000m\000a\000r\000y\000\040\000o\000f\000\040\000F\000o\000u\000n\000d\000a\000t\000i\000o\000n\000a\000l\000\040\000M\000o\000d\000e\000l\000s}{chapter.4}% 78
\BOOKMARK [0][-]{chapter.5}{\376\377\000N\000e\000u\000r\000a\000l\000\040\000N\000e\000t\000w\000o\000r\000k\000\040\000M\000o\000d\000e\000l\000s}{}% 79
\BOOKMARK [1][-]{section.5.1}{\376\377\000O\000v\000e\000r\000v\000i\000e\000w}{chapter.5}% 80
\BOOKMARK [1][-]{section.5.2}{\376\377\000W\000h\000y\000\040\0005\000-\000Y\000e\000a\000r\000\040\000D\000a\000t\000a\000\040\000f\000o\000r\000\040\000R\000N\000N\000s}{chapter.5}% 81
\BOOKMARK [2][-]{subsection.5.2.1}{\376\377\000T\000h\000e\000\040\000N\000o\000n\000-\000S\000t\000a\000t\000i\000o\000n\000a\000r\000i\000t\000y\000\040\000P\000r\000o\000b\000l\000e\000m}{section.5.2}% 82
\BOOKMARK [2][-]{subsection.5.2.2}{\376\377\0005\000-\000Y\000e\000a\000r\000\040\000W\000i\000n\000d\000o\000w\000\040\000B\000e\000n\000e\000f\000i\000t\000s}{section.5.2}% 83
\BOOKMARK [1][-]{section.5.3}{\376\377\000L\000S\000T\000M\000\040\000\050\000L\000o\000n\000g\000\040\000S\000h\000o\000r\000t\000-\000T\000e\000r\000m\000\040\000M\000e\000m\000o\000r\000y\000\051}{chapter.5}% 84
\BOOKMARK [2][-]{subsection.5.3.1}{\376\377\000M\000a\000t\000h\000e\000m\000a\000t\000i\000c\000a\000l\000\040\000F\000o\000r\000m\000u\000l\000a\000t\000i\000o\000n}{section.5.3}% 85
\BOOKMARK [2][-]{subsection.5.3.2}{\376\377\000A\000r\000c\000h\000i\000t\000e\000c\000t\000u\000r\000e}{section.5.3}% 86
\BOOKMARK [2][-]{subsection.5.3.3}{\376\377\000T\000r\000a\000i\000n\000i\000n\000g\000\040\000C\000o\000n\000f\000i\000g\000u\000r\000a\000t\000i\000o\000n}{section.5.3}% 87
\BOOKMARK [1][-]{section.5.4}{\376\377\000B\000i\000L\000S\000T\000M\000\040\000\050\000B\000i\000d\000i\000r\000e\000c\000t\000i\000o\000n\000a\000l\000\040\000L\000S\000T\000M\000\051}{chapter.5}% 88
\BOOKMARK [2][-]{subsection.5.4.1}{\376\377\000A\000r\000c\000h\000i\000t\000e\000c\000t\000u\000r\000e}{section.5.4}% 89
\BOOKMARK [2][-]{subsection.5.4.2}{\376\377\000W\000h\000y\000\040\000B\000i\000d\000i\000r\000e\000c\000t\000i\000o\000n\000a\000l\000\040\000H\000e\000l\000p\000s}{section.5.4}% 90
\BOOKMARK [1][-]{section.5.5}{\376\377\000G\000R\000U\000\040\000\050\000G\000a\000t\000e\000d\000\040\000R\000e\000c\000u\000r\000r\000e\000n\000t\000\040\000U\000n\000i\000t\000\051}{chapter.5}% 91
\BOOKMARK [2][-]{subsection.5.5.1}{\376\377\000M\000a\000t\000h\000e\000m\000a\000t\000i\000c\000a\000l\000\040\000F\000o\000r\000m\000u\000l\000a\000t\000i\000o\000n}{section.5.5}% 92
\BOOKMARK [2][-]{subsection.5.5.2}{\376\377\000G\000R\000U\000\040\000P\000e\000r\000f\000o\000r\000m\000a\000n\000c\000e}{section.5.5}% 93
\BOOKMARK [1][-]{section.5.6}{\376\377\000C\000N\000N\000-\000L\000S\000T\000M\000\040\000H\000y\000b\000r\000i\000d}{chapter.5}% 94
\BOOKMARK [2][-]{subsection.5.6.1}{\376\377\000A\000r\000c\000h\000i\000t\000e\000c\000t\000u\000r\000e\000\040\000M\000o\000t\000i\000v\000a\000t\000i\000o\000n}{section.5.6}% 95
\BOOKMARK [2][-]{subsection.5.6.2}{\376\377\000M\000a\000t\000h\000e\000m\000a\000t\000i\000c\000a\000l\000\040\000F\000o\000r\000m\000u\000l\000a\000t\000i\000o\000n}{section.5.6}% 96
\BOOKMARK [1][-]{section.5.7}{\376\377\000T\000r\000a\000i\000n\000i\000n\000g\000\040\000H\000e\000l\000p\000e\000r\000\040\000F\000u\000n\000c\000t\000i\000o\000n}{chapter.5}% 97
\BOOKMARK [1][-]{section.5.8}{\376\377\000H\000y\000p\000e\000r\000p\000a\000r\000a\000m\000e\000t\000e\000r\000s}{chapter.5}% 98
\BOOKMARK [1][-]{section.5.9}{\376\377\000I\000m\000p\000a\000c\000t\000\040\000o\000f\000\040\000H\000y\000b\000r\000i\000d\000\040\000S\000t\000r\000a\000t\000e\000g\000y}{chapter.5}% 99
\BOOKMARK [2][-]{subsection.5.9.1}{\376\377\000B\000e\000f\000o\000r\000e\000\040\000a\000n\000d\000\040\000A\000f\000t\000e\000r\000\040\000C\000o\000m\000p\000a\000r\000i\000s\000o\000n}{section.5.9}% 100
\BOOKMARK [2][-]{subsection.5.9.2}{\376\377\000W\000h\000y\000\040\000G\000R\000U\000\040\000B\000e\000n\000e\000f\000i\000t\000s\000\040\000M\000o\000s\000t}{section.5.9}% 101
\BOOKMARK [1][-]{section.5.10}{\376\377\000C\000o\000m\000p\000u\000t\000a\000t\000i\000o\000n\000a\000l\000\040\000R\000e\000q\000u\000i\000r\000e\000m\000e\000n\000t\000s}{chapter.5}% 102
\BOOKMARK [1][-]{section.5.11}{\376\377\000S\000u\000m\000m\000a\000r\000y}{chapter.5}% 103
\BOOKMARK [0][-]{chapter.6}{\376\377\000T\000r\000a\000n\000s\000f\000o\000r\000m\000e\000r\000\040\000A\000n\000a\000l\000y\000s\000i\000s}{}% 104
\BOOKMARK [1][-]{section.6.1}{\376\377\000O\000v\000e\000r\000v\000i\000e\000w}{chapter.6}% 105
\BOOKMARK [1][-]{section.6.2}{\376\377\000T\000r\000a\000n\000s\000f\000o\000r\000m\000e\000r\000\040\000A\000r\000c\000h\000i\000t\000e\000c\000t\000u\000r\000e}{chapter.6}% 106
\BOOKMARK [2][-]{subsection.6.2.1}{\376\377\000S\000e\000l\000f\000-\000A\000t\000t\000e\000n\000t\000i\000o\000n\000\040\000M\000e\000c\000h\000a\000n\000i\000s\000m}{section.6.2}% 107
\BOOKMARK [2][-]{subsection.6.2.2}{\376\377\000I\000m\000p\000l\000e\000m\000e\000n\000t\000a\000t\000i\000o\000n}{section.6.2}% 108
\BOOKMARK [1][-]{section.6.3}{\376\377\000F\000a\000i\000l\000u\000r\000e\000\040\000A\000n\000a\000l\000y\000s\000i\000s}{chapter.6}% 109
\BOOKMARK [2][-]{subsection.6.3.1}{\376\377\000T\000r\000a\000i\000n\000i\000n\000g\000\040\000D\000y\000n\000a\000m\000i\000c\000s}{section.6.3}% 110
\BOOKMARK [2][-]{subsection.6.3.2}{\376\377\000R\000o\000o\000t\000\040\000C\000a\000u\000s\000e\000\040\0001\000:\000\040\000T\000a\000s\000k\000\040\000M\000i\000s\000m\000a\000t\000c\000h}{section.6.3}% 111
\BOOKMARK [2][-]{subsection.6.3.3}{\376\377\000R\000o\000o\000t\000\040\000C\000a\000u\000s\000e\000\040\0002\000:\000\040\000A\000r\000c\000h\000i\000t\000e\000c\000t\000u\000r\000e\000\040\000M\000i\000s\000m\000a\000t\000c\000h}{section.6.3}% 112
\BOOKMARK [2][-]{subsection.6.3.4}{\376\377\000R\000o\000o\000t\000\040\000C\000a\000u\000s\000e\000\040\0003\000:\000\040\000O\000u\000t\000p\000u\000t\000\040\000D\000i\000s\000t\000r\000i\000b\000u\000t\000i\000o\000n\000\040\000M\000i\000s\000m\000a\000t\000c\000h}{section.6.3}% 113
\BOOKMARK [1][-]{section.6.4}{\376\377\000W\000h\000a\000t\000\040\000W\000e\000\040\000T\000r\000i\000e\000d\000\040\000t\000o\000\040\000F\000i\000x\000\040\000I\000t}{chapter.6}% 114
\BOOKMARK [2][-]{subsection.6.4.1}{\376\377\000A\000t\000t\000e\000m\000p\000t\000\040\0001\000:\000\040\000A\000r\000c\000h\000i\000t\000e\000c\000t\000u\000r\000e\000\040\000R\000e\000d\000u\000c\000t\000i\000o\000n}{section.6.4}% 115
\BOOKMARK [2][-]{subsection.6.4.2}{\376\377\000A\000t\000t\000e\000m\000p\000t\000\040\0002\000:\000\040\000S\000c\000a\000l\000e\000r\000\040\000R\000e\000f\000e\000r\000e\000n\000c\000e\000\040\000F\000i\000x}{section.6.4}% 116
\BOOKMARK [2][-]{subsection.6.4.3}{\376\377\000A\000t\000t\000e\000m\000p\000t\000\040\0003\000:\000\040\000V\000a\000r\000i\000a\000b\000l\000e\000\040\000P\000r\000e\000s\000e\000r\000v\000a\000t\000i\000o\000n}{section.6.4}% 117
\BOOKMARK [2][-]{subsection.6.4.4}{\376\377\000A\000t\000t\000e\000m\000p\000t\000\040\0004\000:\000\040\000T\000r\000a\000i\000n\000i\000n\000g\000\040\000L\000o\000c\000a\000t\000i\000o\000n}{section.6.4}% 118
\BOOKMARK [1][-]{section.6.5}{\376\377\000W\000h\000y\000\040\000O\000t\000h\000e\000r\000\040\000M\000o\000d\000e\000l\000s\000\040\000S\000u\000c\000c\000e\000e\000d}{chapter.6}% 119
\BOOKMARK [1][-]{section.6.6}{\376\377\000T\000r\000a\000n\000s\000f\000o\000r\000m\000e\000r\000\040\000F\000a\000i\000l\000u\000r\000e\000\040\000V\000i\000s\000u\000a\000l\000i\000z\000a\000t\000i\000o\000n}{chapter.6}% 120
\BOOKMARK [1][-]{section.6.7}{\376\377\000I\000n\000t\000e\000r\000p\000r\000e\000t\000a\000t\000i\000o\000n\000\040\000o\000f\000\040\000N\000e\000g\000a\000t\000i\000v\000e\000\040\000R\000\262}{chapter.6}% 121
\BOOKMARK [1][-]{section.6.8}{\376\377\000W\000h\000a\000t\000\040\000W\000o\000u\000l\000d\000\040\000A\000c\000t\000u\000a\000l\000l\000y\000\040\000F\000i\000x\000\040\000T\000r\000a\000n\000s\000f\000o\000r\000m\000e\000r}{chapter.6}% 122
\BOOKMARK [2][-]{subsection.6.8.1}{\376\377\000O\000p\000t\000i\000o\000n\000\040\0001\000:\000\040\000T\000i\000m\000e\000\040\000S\000e\000r\000i\000e\000s\000\040\000T\000r\000a\000n\000s\000f\000o\000r\000m\000e\000r\000s}{section.6.8}% 123
\BOOKMARK [2][-]{subsection.6.8.2}{\376\377\000O\000p\000t\000i\000o\000n\000\040\0002\000:\000\040\000S\000e\000q\000u\000e\000n\000c\000e\000\040\000R\000e\000f\000o\000r\000m\000u\000l\000a\000t\000i\000o\000n}{section.6.8}% 124
\BOOKMARK [2][-]{subsection.6.8.3}{\376\377\000O\000p\000t\000i\000o\000n\000\040\0003\000:\000\040\000F\000e\000a\000t\000u\000r\000e\000\040\000D\000i\000m\000e\000n\000s\000i\000o\000n\000\040\000a\000s\000\040\000S\000e\000q\000u\000e\000n\000c\000e}{section.6.8}% 125
\BOOKMARK [1][-]{section.6.9}{\376\377\000L\000e\000s\000s\000o\000n\000s\000\040\000L\000e\000a\000r\000n\000e\000d}{chapter.6}% 126
\BOOKMARK [1][-]{section.6.10}{\376\377\000R\000e\000c\000o\000m\000m\000e\000n\000d\000a\000t\000i\000o\000n\000s\000\040\000f\000o\000r\000\040\000P\000r\000a\000c\000t\000i\000t\000i\000o\000n\000e\000r\000s}{chapter.6}% 127
\BOOKMARK [1][-]{section.6.11}{\376\377\000S\000u\000m\000m\000a\000r\000y}{chapter.6}% 128
\BOOKMARK [0][-]{chapter.7}{\376\377\000E\000n\000s\000e\000m\000b\000l\000e\000\040\000M\000e\000t\000h\000o\000d\000s}{}% 129
\BOOKMARK [1][-]{section.7.1}{\376\377\000O\000v\000e\000r\000v\000i\000e\000w}{chapter.7}% 130
\BOOKMARK [1][-]{section.7.2}{\376\377\000T\000h\000e\000o\000r\000e\000t\000i\000c\000a\000l\000\040\000F\000o\000u\000n\000d\000a\000t\000i\000o\000n}{chapter.7}% 131
\BOOKMARK [2][-]{subsection.7.2.1}{\376\377\000W\000e\000i\000g\000h\000t\000e\000d\000\040\000A\000v\000e\000r\000a\000g\000i\000n\000g}{section.7.2}% 132
\BOOKMARK [2][-]{subsection.7.2.2}{\376\377\000B\000i\000a\000s\000-\000V\000a\000r\000i\000a\000n\000c\000e\000\040\000D\000e\000c\000o\000m\000p\000o\000s\000i\000t\000i\000o\000n}{section.7.2}% 133
\BOOKMARK [1][-]{section.7.3}{\376\377\000M\000o\000d\000e\000l\000\040\000D\000i\000v\000e\000r\000s\000i\000t\000y\000\040\000A\000n\000a\000l\000y\000s\000i\000s}{chapter.7}% 134
\BOOKMARK [2][-]{subsection.7.3.1}{\376\377\000W\000h\000y\000\040\000T\000h\000e\000s\000e\000\040\000T\000h\000r\000e\000e\000\040\000M\000o\000d\000e\000l\000s\000?}{section.7.3}% 135
\BOOKMARK [2][-]{subsection.7.3.2}{\376\377\000P\000r\000e\000d\000i\000c\000t\000i\000o\000n\000\040\000C\000o\000r\000r\000e\000l\000a\000t\000i\000o\000n}{section.7.3}% 136
\BOOKMARK [1][-]{section.7.4}{\376\377\000W\000e\000i\000g\000h\000t\000\040\000O\000p\000t\000i\000m\000i\000z\000a\000t\000i\000o\000n}{chapter.7}% 137
\BOOKMARK [2][-]{subsection.7.4.1}{\376\377\000W\000e\000i\000g\000h\000t\000\040\000S\000e\000l\000e\000c\000t\000i\000o\000n\000\040\000R\000a\000t\000i\000o\000n\000a\000l\000e}{section.7.4}% 138
\BOOKMARK [2][-]{subsection.7.4.2}{\376\377\000I\000m\000p\000l\000e\000m\000e\000n\000t\000a\000t\000i\000o\000n}{section.7.4}% 139
\BOOKMARK [1][-]{section.7.5}{\376\377\000E\000n\000s\000e\000m\000b\000l\000e\000\040\000P\000e\000r\000f\000o\000r\000m\000a\000n\000c\000e\000\040\000A\000n\000a\000l\000y\000s\000i\000s}{chapter.7}% 140
\BOOKMARK [2][-]{subsection.7.5.1}{\376\377\000C\000o\000m\000p\000a\000r\000i\000s\000o\000n\000\040\000w\000i\000t\000h\000\040\000C\000o\000m\000p\000o\000n\000e\000n\000t\000s}{section.7.5}% 141
\BOOKMARK [2][-]{subsection.7.5.2}{\376\377\000W\000h\000y\000\040\000E\000n\000s\000e\000m\000b\000l\000e\000\040\000i\000s\000\040\000S\000l\000i\000g\000h\000t\000l\000y\000\040\000L\000o\000w\000e\000r\000\040\000T\000h\000a\000n\000\040\000L\000i\000n\000e\000a\000r}{section.7.5}% 142
\BOOKMARK [1][-]{section.7.6}{\376\377\000C\000o\000m\000p\000l\000e\000m\000e\000n\000t\000a\000r\000y\000\040\000E\000r\000r\000o\000r\000\040\000A\000n\000a\000l\000y\000s\000i\000s}{chapter.7}% 143
\BOOKMARK [2][-]{subsection.7.6.1}{\376\377\000W\000h\000e\000n\000\040\000M\000o\000d\000e\000l\000s\000\040\000D\000i\000s\000a\000g\000r\000e\000e}{section.7.6}% 144
\BOOKMARK [2][-]{subsection.7.6.2}{\376\377\000E\000r\000r\000o\000r\000\040\000C\000o\000r\000r\000e\000l\000a\000t\000i\000o\000n}{section.7.6}% 145
\BOOKMARK [1][-]{section.7.7}{\376\377\000A\000l\000t\000e\000r\000n\000a\000t\000i\000v\000e\000\040\000E\000n\000s\000e\000m\000b\000l\000e\000\040\000S\000t\000r\000a\000t\000e\000g\000i\000e\000s}{chapter.7}% 146
\BOOKMARK [2][-]{subsection.7.7.1}{\376\377\000S\000t\000a\000c\000k\000i\000n\000g\000\040\000\050\000M\000e\000t\000a\000-\000L\000e\000a\000r\000n\000i\000n\000g\000\051}{section.7.7}% 147
\BOOKMARK [2][-]{subsection.7.7.2}{\376\377\000B\000o\000o\000s\000t\000i\000n\000g}{section.7.7}% 148
\BOOKMARK [2][-]{subsection.7.7.3}{\376\377\000D\000y\000n\000a\000m\000i\000c\000\040\000W\000e\000i\000g\000h\000t\000i\000n\000g}{section.7.7}% 149
\BOOKMARK [1][-]{section.7.8}{\376\377\000P\000r\000a\000c\000t\000i\000c\000a\000l\000\040\000C\000o\000n\000s\000i\000d\000e\000r\000a\000t\000i\000o\000n\000s}{chapter.7}% 150
\BOOKMARK [2][-]{subsection.7.8.1}{\376\377\000C\000o\000m\000p\000u\000t\000a\000t\000i\000o\000n\000a\000l\000\040\000C\000o\000s\000t}{section.7.8}% 151
\BOOKMARK [2][-]{subsection.7.8.2}{\376\377\000M\000a\000i\000n\000t\000e\000n\000a\000n\000c\000e}{section.7.8}% 152
\BOOKMARK [1][-]{section.7.9}{\376\377\000S\000u\000m\000m\000a\000r\000y}{chapter.7}% 153
\BOOKMARK [0][-]{chapter.8}{\376\377\000R\000e\000s\000u\000l\000t\000s\000\040\000a\000n\000d\000\040\000D\000i\000s\000c\000u\000s\000s\000i\000o\000n}{}% 154
\BOOKMARK [1][-]{section.8.1}{\376\377\000O\000v\000e\000r\000v\000i\000e\000w}{chapter.8}% 155
\BOOKMARK [1][-]{section.8.2}{\376\377\000C\000o\000m\000p\000l\000e\000t\000e\000\040\000R\000e\000s\000u\000l\000t\000s\000\040\000T\000a\000b\000l\000e}{chapter.8}% 156
\BOOKMARK [1][-]{section.8.3}{\376\377\000E\000v\000a\000l\000u\000a\000t\000i\000o\000n\000\040\000M\000e\000t\000r\000i\000c\000s}{chapter.8}% 157
\BOOKMARK [2][-]{subsection.8.3.1}{\376\377\000R\000o\000o\000t\000\040\000M\000e\000a\000n\000\040\000S\000q\000u\000a\000r\000e\000\040\000E\000r\000r\000o\000r\000\040\000\050\000R\000M\000S\000E\000\051}{section.8.3}% 158
\BOOKMARK [2][-]{subsection.8.3.2}{\376\377\000M\000e\000a\000n\000\040\000A\000b\000s\000o\000l\000u\000t\000e\000\040\000E\000r\000r\000o\000r\000\040\000\050\000M\000A\000E\000\051}{section.8.3}% 159
\BOOKMARK [2][-]{subsection.8.3.3}{\376\377\000M\000e\000a\000n\000\040\000A\000b\000s\000o\000l\000u\000t\000e\000\040\000P\000e\000r\000c\000e\000n\000t\000a\000g\000e\000\040\000E\000r\000r\000o\000r\000\040\000\050\000M\000A\000P\000E\000\051}{section.8.3}% 160
\BOOKMARK [2][-]{subsection.8.3.4}{\376\377\000C\000o\000e\000f\000f\000i\000c\000i\000e\000n\000t\000\040\000o\000f\000\040\000D\000e\000t\000e\000r\000m\000i\000n\000a\000t\000i\000o\000n\000\040\000\050\000R\000\262\000\051}{section.8.3}% 161
\BOOKMARK [1][-]{section.8.4}{\376\377\000M\000o\000d\000e\000l\000\040\000P\000e\000r\000f\000o\000r\000m\000a\000n\000c\000e\000\040\000C\000o\000m\000p\000a\000r\000i\000s\000o\000n}{chapter.8}% 162
\BOOKMARK [1][-]{section.8.5}{\376\377\000S\000u\000c\000c\000e\000s\000s\000\040\000R\000a\000t\000e\000\040\000A\000n\000a\000l\000y\000s\000i\000s}{chapter.8}% 163
\BOOKMARK [2][-]{subsection.8.5.1}{\376\377\000O\000v\000e\000r\000a\000l\000l\000\040\000S\000u\000c\000c\000e\000s\000s}{section.8.5}% 164
\BOOKMARK [2][-]{subsection.8.5.2}{\376\377\000K\000e\000y\000\040\000A\000c\000h\000i\000e\000v\000e\000m\000e\000n\000t}{section.8.5}% 165
\BOOKMARK [1][-]{section.8.6}{\376\377\000D\000i\000s\000c\000u\000s\000s\000i\000o\000n\000\040\000o\000f\000\040\000K\000e\000y\000\040\000F\000i\000n\000d\000i\000n\000g\000s}{chapter.8}% 166
\BOOKMARK [2][-]{subsection.8.6.1}{\376\377\000F\000i\000n\000d\000i\000n\000g\000\040\0001\000:\000\040\000L\000i\000n\000e\000a\000r\000\040\000R\000e\000g\000r\000e\000s\000s\000i\000o\000n\000\040\000D\000o\000m\000i\000n\000a\000n\000c\000e}{section.8.6}% 167
\BOOKMARK [2][-]{subsection.8.6.2}{\376\377\000F\000i\000n\000d\000i\000n\000g\000\040\0002\000:\000\040\000R\000N\000N\000s\000\040\000B\000e\000n\000e\000f\000i\000t\000\040\000f\000r\000o\000m\000\040\000H\000y\000b\000r\000i\000d\000\040\000S\000t\000r\000a\000t\000e\000g\000y}{section.8.6}% 168
\BOOKMARK [2][-]{subsection.8.6.3}{\376\377\000F\000i\000n\000d\000i\000n\000g\000\040\0003\000:\000\040\000T\000r\000a\000n\000s\000f\000o\000r\000m\000e\000r\000\040\000F\000a\000i\000l\000u\000r\000e\000\040\000i\000s\000\040\000F\000u\000n\000d\000a\000m\000e\000n\000t\000a\000l}{section.8.6}% 169
\BOOKMARK [2][-]{subsection.8.6.4}{\376\377\000F\000i\000n\000d\000i\000n\000g\000\040\0004\000:\000\040\0005\000-\000Y\000e\000a\000r\000\040\000D\000a\000t\000a\000\040\000B\000e\000t\000t\000e\000r\000\040\000f\000o\000r\000\040\000R\000N\000N\000s}{section.8.6}% 170
\BOOKMARK [1][-]{section.8.7}{\376\377\000C\000o\000m\000p\000a\000r\000i\000s\000o\000n\000\040\000w\000i\000t\000h\000\040\000P\000r\000e\000v\000i\000o\000u\000s\000\040\000W\000o\000r\000k}{chapter.8}% 171
\BOOKMARK [1][-]{section.8.8}{\376\377\000P\000r\000a\000c\000t\000i\000c\000a\000l\000\040\000I\000m\000p\000l\000i\000c\000a\000t\000i\000o\000n\000s}{chapter.8}% 172
\BOOKMARK [2][-]{subsection.8.8.1}{\376\377\000F\000o\000r\000\040\000T\000r\000a\000d\000i\000n\000g\000\040\000A\000p\000p\000l\000i\000c\000a\000t\000i\000o\000n\000s}{section.8.8}% 173
\BOOKMARK [2][-]{subsection.8.8.2}{\376\377\000F\000o\000r\000\040\000R\000e\000s\000e\000a\000r\000c\000h}{section.8.8}% 174
\BOOKMARK [1][-]{section.8.9}{\376\377\000L\000i\000m\000i\000t\000a\000t\000i\000o\000n\000s}{chapter.8}% 175
\BOOKMARK [1][-]{section.8.10}{\376\377\000S\000t\000a\000t\000i\000s\000t\000i\000c\000a\000l\000\040\000S\000i\000g\000n\000i\000f\000i\000c\000a\000n\000c\000e}{chapter.8}% 176
\BOOKMARK [2][-]{subsection.8.10.1}{\376\377\000C\000o\000n\000f\000i\000d\000e\000n\000c\000e\000\040\000I\000n\000t\000e\000r\000v\000a\000l\000s}{section.8.10}% 177
\BOOKMARK [1][-]{section.8.11}{\376\377\000S\000u\000m\000m\000a\000r\000y}{chapter.8}% 178
\BOOKMARK [0][-]{chapter.9}{\376\377\000C\000o\000n\000c\000l\000u\000s\000i\000o\000n\000\040\000a\000n\000d\000\040\000F\000u\000t\000u\000r\000e\000\040\000W\000o\000r\000k}{}% 179
\BOOKMARK [1][-]{section.9.1}{\376\377\000S\000u\000m\000m\000a\000r\000y\000\040\000o\000f\000\040\000A\000c\000h\000i\000e\000v\000e\000m\000e\000n\000t\000s}{chapter.9}% 180
\BOOKMARK [2][-]{subsection.9.1.1}{\376\377\000R\000e\000s\000e\000a\000r\000c\000h\000\040\000A\000i\000m\000s\000\040\000A\000c\000c\000o\000m\000p\000l\000i\000s\000h\000e\000d}{section.9.1}% 181
\BOOKMARK [2][-]{subsection.9.1.2}{\376\377\000P\000e\000r\000f\000o\000r\000m\000a\000n\000c\000e\000\040\000H\000i\000g\000h\000l\000i\000g\000h\000t\000s}{section.9.1}% 182
\BOOKMARK [1][-]{section.9.2}{\376\377\000K\000e\000y\000\040\000C\000o\000n\000t\000r\000i\000b\000u\000t\000i\000o\000n\000s}{chapter.9}% 183
\BOOKMARK [2][-]{subsection.9.2.1}{\376\377\000H\000y\000b\000r\000i\000d\000\040\000M\000e\000t\000a\000-\000L\000e\000a\000r\000n\000i\000n\000g\000\040\000S\000t\000r\000a\000t\000e\000g\000y}{section.9.2}% 184
\BOOKMARK [2][-]{subsection.9.2.2}{\376\377\000C\000o\000m\000p\000r\000e\000h\000e\000n\000s\000i\000v\000e\000\040\000F\000a\000i\000l\000u\000r\000e\000\040\000A\000n\000a\000l\000y\000s\000i\000s}{section.9.2}% 185
\BOOKMARK [2][-]{subsection.9.2.3}{\376\377\000L\000a\000r\000g\000e\000-\000S\000c\000a\000l\000e\000\040\000D\000a\000t\000a\000\040\000I\000n\000t\000e\000g\000r\000a\000t\000i\000o\000n}{section.9.2}% 186
\BOOKMARK [1][-]{section.9.3}{\376\377\000T\000h\000e\000o\000r\000e\000t\000i\000c\000a\000l\000\040\000I\000n\000s\000i\000g\000h\000t\000s}{chapter.9}% 187
\BOOKMARK [2][-]{subsection.9.3.1}{\376\377\000S\000i\000m\000p\000l\000i\000c\000i\000t\000y\000\040\000C\000a\000n\000\040\000W\000i\000n}{section.9.3}% 188
\BOOKMARK [2][-]{subsection.9.3.2}{\376\377\000D\000a\000t\000a\000s\000e\000t\000\040\000L\000e\000n\000g\000t\000h\000\040\000M\000a\000t\000t\000e\000r\000s\000\040\000D\000i\000f\000f\000e\000r\000e\000n\000t\000l\000y}{section.9.3}% 189
\BOOKMARK [1][-]{section.9.4}{\376\377\000R\000e\000c\000o\000m\000m\000e\000n\000d\000a\000t\000i\000o\000n\000s}{chapter.9}% 190
\BOOKMARK [2][-]{subsection.9.4.1}{\376\377\000F\000o\000r\000\040\000P\000r\000a\000c\000t\000i\000t\000i\000o\000n\000e\000r\000s}{section.9.4}% 191
\BOOKMARK [2][-]{subsection.9.4.2}{\376\377\000F\000o\000r\000\040\000R\000e\000s\000e\000a\000r\000c\000h\000e\000r\000s}{section.9.4}% 192
\BOOKMARK [1][-]{section.9.5}{\376\377\000F\000u\000t\000u\000r\000e\000\040\000W\000o\000r\000k}{chapter.9}% 193
\BOOKMARK [2][-]{subsection.9.5.1}{\376\377\000S\000h\000o\000r\000t\000-\000T\000e\000r\000m\000\040\000I\000m\000p\000r\000o\000v\000e\000m\000e\000n\000t\000s}{section.9.5}% 194
\BOOKMARK [2][-]{subsection.9.5.2}{\376\377\000M\000e\000d\000i\000u\000m\000-\000T\000e\000r\000m\000\040\000D\000i\000r\000e\000c\000t\000i\000o\000n\000s}{section.9.5}% 195
\BOOKMARK [2][-]{subsection.9.5.3}{\376\377\000L\000o\000n\000g\000-\000T\000e\000r\000m\000\040\000R\000e\000s\000e\000a\000r\000c\000h\000\040\000Q\000u\000e\000s\000t\000i\000o\000n\000s}{section.9.5}% 196
\BOOKMARK [1][-]{section.9.6}{\376\377\000R\000e\000p\000r\000o\000d\000u\000c\000i\000b\000i\000l\000i\000t\000y}{chapter.9}% 197
\BOOKMARK [1][-]{section.9.7}{\376\377\000F\000i\000n\000a\000l\000\040\000R\000e\000m\000a\000r\000k\000s}{chapter.9}% 198
\BOOKMARK [0][-]{appendix.A}{\376\377\000C\000o\000d\000e\000\040\000I\000m\000p\000l\000e\000m\000e\000n\000t\000a\000t\000i\000o\000n\000\040\000D\000e\000t\000a\000i\000l\000s}{}% 199
\BOOKMARK [1][-]{section.A.1}{\376\377\000E\000v\000a\000l\000u\000a\000t\000i\000o\000n\000\040\000M\000e\000t\000r\000i\000c\000s\000\040\000I\000m\000p\000l\000e\000m\000e\000n\000t\000a\000t\000i\000o\000n}{appendix.A}% 200
\BOOKMARK [1][-]{section.A.2}{\376\377\000T\000C\000N\000\040\000M\000o\000d\000e\000l\000\040\000A\000r\000c\000h\000i\000t\000e\000c\000t\000u\000r\000e}{appendix.A}% 201
\BOOKMARK [1][-]{section.A.3}{\376\377\000S\000A\000R\000I\000M\000A\000X\000\040\000W\000a\000l\000k\000-\000F\000o\000r\000w\000a\000r\000d\000\040\000V\000a\000l\000i\000d\000a\000t\000i\000o\000n}{appendix.A}% 202
\BOOKMARK [1][-]{section.A.4}{\376\377\000H\000y\000b\000r\000i\000d\000\040\000F\000e\000a\000t\000u\000r\000e\000\040\000G\000e\000n\000e\000r\000a\000t\000i\000o\000n}{appendix.A}% 203
\BOOKMARK [0][-]{appendix.B}{\376\377\000C\000o\000m\000p\000l\000e\000t\000e\000\040\000R\000e\000s\000u\000l\000t\000s\000\040\000T\000a\000b\000l\000e\000s}{}% 204
\BOOKMARK [1][-]{section.B.1}{\376\377\000A\000l\000l\000\040\000M\000o\000d\000e\000l\000\040\000M\000e\000t\000r\000i\000c\000s}{appendix.B}% 205
\BOOKMARK [1][-]{section.B.2}{\376\377\000H\000y\000p\000e\000r\000p\000a\000r\000a\000m\000e\000t\000e\000r\000\040\000S\000u\000m\000m\000a\000r\000y}{appendix.B}% 206
\BOOKMARK [0][-]{appendix.C}{\376\377\000S\000t\000a\000t\000i\000s\000t\000i\000c\000a\000l\000\040\000T\000e\000s\000t\000s}{}% 207
\BOOKMARK [1][-]{section.C.1}{\376\377\000N\000o\000r\000m\000a\000l\000i\000t\000y\000\040\000T\000e\000s\000t\000s\000\040\000o\000n\000\040\000P\000r\000i\000c\000e\000\040\000D\000i\000s\000t\000r\000i\000b\000u\000t\000i\000o\000n}{appendix.C}% 208
\BOOKMARK [1][-]{section.C.2}{\376\377\000S\000t\000a\000t\000i\000o\000n\000a\000r\000i\000t\000y\000\040\000T\000e\000s\000t\000s}{appendix.C}% 209
\BOOKMARK [0][-]{appendix.D}{\376\377\000F\000i\000l\000e\000\040\000S\000t\000r\000u\000c\000t\000u\000r\000e}{}% 210
